Running forge build with lint disabled (FORGE_LINT=false)
No files changed, compilation skipped
error: definition of base has to precede definition of derived contract
  --> lib/v4-core/src/interfaces/IPoolManager.sol:15:11
   |
15 | interface IPoolManager is IProtocolFees, IERC6909Claims, IExtsload, IExttload {
   |           ^^^^^^^^^^^^

note[mixed-case-variable]: mutable variables should use mixedCase
  --> src/types/IdleLiquidityTypes.sol:39:13
   |
39 |     uint256 lpShareBP; // LP share of yield (basis points)
   |             ^^^^^^^^^ help: consider using: `lpShareBp`
   |
   = help: https://book.getfoundry.sh/reference/forge/forge-lint#mixed-case-variable

note[mixed-case-function]: function names should use mixedCase
  --> src/managers/RebalanceManager.sol:23:14
   |
23 |     function rebalanceSingleLP(
   |              ^^^^^^^^^^^^^^^^^ help: consider using: `rebalanceSingleLp`
   |
   = help: https://book.getfoundry.sh/reference/forge/forge-lint#mixed-case-function

note[mixed-case-function]: function names should use mixedCase
   --> src/managers/RebalanceManager.sol:181:14
    |
181 |     function _moveToERC4626(
    |              ^^^^^^^^^^^^^^ help: consider using: `_moveToErc4626`
    |
    = help: https://book.getfoundry.sh/reference/forge/forge-lint#mixed-case-function

note[mixed-case-function]: function names should use mixedCase
   --> src/managers/RebalanceManager.sol:256:14
    |
256 |     function _withdrawFromERC4626(
    |              ^^^^^^^^^^^^^^^^^^^^ help: consider using: `_withdrawFromErc4626`
    |
    = help: https://book.getfoundry.sh/reference/forge/forge-lint#mixed-case-function

note[mixed-case-variable]: mutable variables should use mixedCase
  --> src/storage/IdleLiquidityStorage.sol:15:59
   |
15 |     mapping(PoolId => mapping(address => uint256)) public trackedLPIndex;
   |                                                           ^^^^^^^^^^^^^^ help: consider using: `trackedLpIndex`
   |
   = help: https://book.getfoundry.sh/reference/forge/forge-lint#mixed-case-variable

note[mixed-case-variable]: mutable variables should use mixedCase
  --> src/storage/IdleLiquidityStorage.sol:16:56
   |
16 |     mapping(PoolId => mapping(address => bool)) public trackedLPPresent;
   |                                                        ^^^^^^^^^^^^^^^^ help: consider using: `trackedLpPresent`
   |
   = help: https://book.getfoundry.sh/reference/forge/forge-lint#mixed-case-variable

note[mixed-case-variable]: mutable variables should use mixedCase
  --> src/storage/IdleLiquidityStorage.sol:42:20
   |
42 |     uint256 public rebalanceRewardETH;
   |                    ^^^^^^^^^^^^^^^^^^ help: consider using: `rebalanceRewardEth`
   |
   = help: https://book.getfoundry.sh/reference/forge/forge-lint#mixed-case-variable

warning[unsafe-typecast]: typecasts that can truncate values should be checked
  --> src/managers/OracleManager.sol:44:36
   |
44 |         if (decimals == 18) return uint256(price);
   |                                    ^^^^^^^^^^^^^^
   |
   = note: consider disabling this lint if you're certain the cast is safe
           
           // casting to 'uint256' is safe because [explain why]
           // forge-lint: disable-next-line(unsafe-typecast)
           
           
   = help: https://book.getfoundry.sh/reference/forge/forge-lint#unsafe-typecast

warning[unsafe-typecast]: typecasts that can truncate values should be checked
  --> src/managers/OracleManager.sol:47:20
   |
47 |             return uint256(price) * (10 ** (18 - decimals));
   |                    ^^^^^^^^^^^^^^
   |
   = note: consider disabling this lint if you're certain the cast is safe
           
           // casting to 'uint256' is safe because [explain why]
           // forge-lint: disable-next-line(unsafe-typecast)
           
           
   = help: https://book.getfoundry.sh/reference/forge/forge-lint#unsafe-typecast

warning[unsafe-typecast]: typecasts that can truncate values should be checked
  --> src/managers/OracleManager.sol:50:16
   |
50 |         return uint256(price) / (10 ** (decimals - 18));
   |                ^^^^^^^^^^^^^^
   |
   = note: consider disabling this lint if you're certain the cast is safe
           
           // casting to 'uint256' is safe because [explain why]
           // forge-lint: disable-next-line(unsafe-typecast)
           
           
   = help: https://book.getfoundry.sh/reference/forge/forge-lint#unsafe-typecast

warning[unsafe-typecast]: typecasts that can truncate values should be checked
  --> src/managers/OracleManager.sol:65:14
   |
65 |             (uint256(diff) * BP) / uint256(refPrice) <= MAX_DEVIATION_BP,
   |              ^^^^^^^^^^^^^
   |
   = note: consider disabling this lint if you're certain the cast is safe
           
           // casting to 'uint256' is safe because [explain why]
           // forge-lint: disable-next-line(unsafe-typecast)
           
           
   = help: https://book.getfoundry.sh/reference/forge/forge-lint#unsafe-typecast

warning[unsafe-typecast]: typecasts that can truncate values should be checked
  --> src/managers/OracleManager.sol:65:36
   |
65 |             (uint256(diff) * BP) / uint256(refPrice) <= MAX_DEVIATION_BP,
   |                                    ^^^^^^^^^^^^^^^^^
   |
   = note: consider disabling this lint if you're certain the cast is safe
           
           // casting to 'uint256' is safe because [explain why]
           // forge-lint: disable-next-line(unsafe-typecast)
           
           
   = help: https://book.getfoundry.sh/reference/forge/forge-lint#unsafe-typecast

note[mixed-case-function]: function names should use mixedCase
   --> src/managers/PoolManager.sol:337:14
    |
337 |     function updateDynamicLPFee(PoolKey memory key, uint24 newDynamicLPFee) external {
    |              ^^^^^^^^^^^^^^^^^^ help: consider using: `updateDynamicLpFee`
    |
    = help: https://book.getfoundry.sh/reference/forge/forge-lint#mixed-case-function

note[mixed-case-variable]: mutable variables should use mixedCase
   --> src/managers/PoolManager.sol:337:60
    |
337 |     function updateDynamicLPFee(PoolKey memory key, uint24 newDynamicLPFee) external {
    |                                                            ^^^^^^^^^^^^^^^ help: consider using: `newDynamicLpFee`
    |
    = help: https://book.getfoundry.sh/reference/forge/forge-lint#mixed-case-variable

note[unused-import]: unused imports should be removed
 --> src/managers/PoolManager.sol:6:9
  |
6 | import {Position} from "@uniswap/v4-core/src/libraries/Position.sol";
  |         ^^^^^^^^
  |
  = help: https://book.getfoundry.sh/reference/forge/forge-lint#unused-import

note[mixed-case-variable]: mutable variables should use mixedCase
  --> src/types/IdleLiquidityTypes.sol:40:13
   |
40 |     uint256 protocolShareBP; // protocol fee (basis points)
   |             ^^^^^^^^^^^^^^^ help: consider using: `protocolShareBp`
   |
   = help: https://book.getfoundry.sh/reference/forge/forge-lint#mixed-case-variable

note[unaliased-plain-import]: use named imports '{A, B}' or alias 'import ".." as X'
 --> test/IdleLiquidityHookEnterprise.unichain_fork_debug.t.sol:3:8
  |
3 | import "forge-std/Test.sol";
  |        ^^^^^^^^^^^^^^^^^^^^
  |
  = help: https://book.getfoundry.sh/reference/forge/forge-lint#unaliased-plain-import

note[unaliased-plain-import]: use named imports '{A, B}' or alias 'import ".." as X'
 --> test/IdleLiquidityHookEnterprise.unichain_fork_debug.t.sol:4:8
  |
4 | import "../src/hooks/IdleLiquidityHookEnterprise.sol";
  |        ^^^^^^^^^^^^^^^^^^^^^^^^^^^^^^^^^^^^^^^^^^^^^^
  |
  = help: https://book.getfoundry.sh/reference/forge/forge-lint#unaliased-plain-import

note[mixed-case-variable]: mutable variables should use mixedCase
   --> test/IdleLiquidityHookEnterprise.unichain_fork_debug.t.sol:158:17
    |
158 |         uint256 bal0_before = ERC20PresetMinterPauser(token0Addr).balanceOf(address(this));
    |                 ^^^^^^^^^^^ help: consider using: `bal0Before`
    |
    = help: https://book.getfoundry.sh/reference/forge/forge-lint#mixed-case-variable

note[mixed-case-variable]: mutable variables should use mixedCase
   --> test/IdleLiquidityHookEnterprise.unichain_fork_debug.t.sol:159:17
    |
159 |         uint256 bal1_before = ERC20PresetMinterPauser(token1Addr).balanceOf(address(this));
    |                 ^^^^^^^^^^^ help: consider using: `bal1Before`
    |
    = help: https://book.getfoundry.sh/reference/forge/forge-lint#mixed-case-variable

Warning: AST source not found for /home/lukman12/uniswapv4-hook/src/interfaces/IidleLiquidityHook.sol
Warning: AST source not found for /home/lukman12/uniswapv4-hook/src/types/PoolOperation.sol
Warning: AST source not found for /home/lukman12/uniswapv4-hook/src/types/PoolKey.sol
Warning: AST source not found for /home/lukman12/uniswapv4-hook/src/types/BalanceDelta.sol
note[mixed-case-variable]: mutable variables should use mixedCase
   --> test/IdleLiquidityHookEnterprise.unichain_fork_debug.t.sol:184:18
    |
184 | ...   (uint128 ip_liq0, uint128 ip_liq1, int24 ip_lower, int24 ip_upper, Status ip_status, uint256 ip_lastYieldIndex0, uint256 ip_l...
    |                ^^^^^^^ help: consider using: `ipLiq0`
    |
    = help: https://book.getfoundry.sh/reference/forge/forge-lint#mixed-case-variable

Warning: AST source not found for /home/lukman12/uniswapv4-hook/src/types/BeforeSwapDelta.sol
note[mixed-case-variable]: mutable variables should use mixedCase
   --> test/IdleLiquidityHookEnterprise.unichain_fork_debug.t.sol:184:35
    |
184 | ...   (uint128 ip_liq0, uint128 ip_liq1, int24 ip_lower, int24 ip_upper, Status ip_status, uint256 ip_lastYieldIndex0, uint256 ip_l...
    |                                 ^^^^^^^ help: consider using: `ipLiq1`
    |
    = help: https://book.getfoundry.sh/reference/forge/forge-lint#mixed-case-variable

Warning: AST source not found for /home/lukman12/uniswapv4-hook/src/libraries/PositionKeyLib.sol
note[mixed-case-variable]: mutable variables should use mixedCase
   --> test/IdleLiquidityHookEnterprise.unichain_fork_debug.t.sol:184:50
    |
184 | ...   (uint128 ip_liq0, uint128 ip_liq1, int24 ip_lower, int24 ip_upper, Status ip_status, uint256 ip_lastYieldIndex0, uint256 ip_l...
    |                                                ^^^^^^^^ help: consider using: `ipLower`
    |
    = help: https://book.getfoundry.sh/reference/forge/forge-lint#mixed-case-variable

note[screaming-snake-case-immutable]: immutables should use SCREAMING_SNAKE_CASE
  --> src/base/Immutable.sol:11:35
   |
11 |     IPoolManager public immutable poolManager;
   |                                   ^^^^^^^^^^^ help: consider using: `POOL_MANAGER`
   |
   = help: https://book.getfoundry.sh/reference/forge/forge-lint#screaming-snake-case-immutable

note[unwrapped-modifier-logic]: wrap modifier logic to reduce code size
  --> src/base/Immutable.sol:17:5
   |
17 | /     modifier onlyPoolManager() {
18 | |         if (msg.sender != address(poolManager)) revert NotPoolManager();
19 | |         _;
20 | |     }
   | |_____^
   |
help: wrap modifier logic to reduce code size
   |
17 ~     modifier onlyPoolManager() {
18 +         _onlyPoolManager();
19 +         _;
20 +     }
21 + 
22 +     function _onlyPoolManager() internal {
23 +         if (msg.sender != address(poolManager)) revert NotPoolManager();
24 +     }
   |
   = help: https://book.getfoundry.sh/reference/forge/forge-lint#unwrapped-modifier-logic

note[unwrapped-modifier-logic]: wrap modifier logic to reduce code size
  --> src/managers/PoolManager.sol:95:5
   |
95 | /     modifier onlyWhenUnlocked() {
96 | |         if (!Lock.isUnlocked()) ManagerLocked.selector.revertWith();
97 | |         _;
98 | |     }
   | |_____^
   |
help: wrap modifier logic to reduce code size
   |
95 ~     modifier onlyWhenUnlocked() {
96 +         _onlyWhenUnlocked();
97 +         _;
98 +     }
99 + 
100+     function _onlyWhenUnlocked() internal {
101+         if (!Lock.isUnlocked()) ManagerLocked.selector.revertWith();
102+     }
   |
   = help: https://book.getfoundry.sh/reference/forge/forge-lint#unwrapped-modifier-logic

note[mixed-case-variable]: mutable variables should use mixedCase
   --> test/IdleLiquidityHookEnterprise.unichain_fork_debug.t.sol:184:66
    |
184 | ...   (uint128 ip_liq0, uint128 ip_liq1, int24 ip_lower, int24 ip_upper, Status ip_status, uint256 ip_lastYieldIndex0, uint256 ip_l...
    |                                                                ^^^^^^^^ help: consider using: `ipUpper`
    |
    = help: https://book.getfoundry.sh/reference/forge/forge-lint#mixed-case-variable

note[mixed-case-variable]: mutable variables should use mixedCase
   --> test/IdleLiquidityHookEnterprise.unichain_fork_debug.t.sol:184:83
    |
184 | ...   (uint128 ip_liq0, uint128 ip_liq1, int24 ip_lower, int24 ip_upper, Status ip_status, uint256 ip_lastYieldIndex0, uint256 ip_l...
    |                                                                                 ^^^^^^^^^ help: consider using: `ipStatus`
    |
    = help: https://book.getfoundry.sh/reference/forge/forge-lint#mixed-case-variable

note[mixed-case-variable]: mutable variables should use mixedCase
   --> test/IdleLiquidityHookEnterprise.unichain_fork_debug.t.sol:184:102
    |
184 | ..._upper, Status ip_status, uint256 ip_lastYieldIndex0, uint256 ip_lastYieldIndex1, uint256 ip_accumulatedYield0, uint256 ip_accum...
    |                                      ^^^^^^^^^^^^^^^^^^ help: consider using: `ipLastYieldIndex0`
    |
    = help: https://book.getfoundry.sh/reference/forge/forge-lint#mixed-case-variable

note[mixed-case-variable]: mutable variables should use mixedCase
   --> test/IdleLiquidityHookEnterprise.unichain_fork_debug.t.sol:184:130
    |
184 | ...nt256 ip_lastYieldIndex0, uint256 ip_lastYieldIndex1, uint256 ip_accumulatedYield0, uint256 ip_accumulatedYield1, uint256 ip_vau...
    |                                      ^^^^^^^^^^^^^^^^^^ help: consider using: `ipLastYieldIndex1`
    |
    = help: https://book.getfoundry.sh/reference/forge/forge-lint#mixed-case-variable

note[unaliased-plain-import]: use named imports '{A, B}' or alias 'import ".." as X'
 --> test/IdleLiquidityHookEnterprise.reenter.t.sol:4:8
  |
4 | import "forge-std/Test.sol";
  |        ^^^^^^^^^^^^^^^^^^^^
  |
  = help: https://book.getfoundry.sh/reference/forge/forge-lint#unaliased-plain-import

note[mixed-case-function]: function names should use mixedCase
   --> src/hooks/IdleLiquidityHookEnterprise.sol:218:14
    |
218 |     function _rebalanceSingleLP(PoolId pid, address lp, int24 tick) internal {
    |              ^^^^^^^^^^^^^^^^^^ help: consider using: `_rebalanceSingleLp`
    |
    = help: https://book.getfoundry.sh/reference/forge/forge-lint#mixed-case-function

note[mixed-case-variable]: mutable variables should use mixedCase
   --> test/IdleLiquidityHookEnterprise.unichain_fork_debug.t.sol:184:158
    |
184 | ...256 ip_lastYieldIndex1, uint256 ip_accumulatedYield0, uint256 ip_accumulatedYield1, uint256 ip_vaultShares0, uint256 ip_vaultSha...
    |                                    ^^^^^^^^^^^^^^^^^^^^ help: consider using: `ipAccumulatedYield0`
    |
    = help: https://book.getfoundry.sh/reference/forge/forge-lint#mixed-case-variable

note[unaliased-plain-import]: use named imports '{A, B}' or alias 'import ".." as X'
 --> script/DeployValidHook.s.sol:3:8
  |
3 | import "forge-std/Script.sol";
  |        ^^^^^^^^^^^^^^^^^^^^^^
  |
  = help: https://book.getfoundry.sh/reference/forge/forge-lint#unaliased-plain-import

note[unaliased-plain-import]: use named imports '{A, B}' or alias 'import ".." as X'
 --> test/IdleLiquidityHookEnterprise.reenter.t.sol:5:8
  |
5 | import "../src/hooks/IdleLiquidityHookEnterprise.sol";
  |        ^^^^^^^^^^^^^^^^^^^^^^^^^^^^^^^^^^^^^^^^^^^^^^
  |
  = help: https://book.getfoundry.sh/reference/forge/forge-lint#unaliased-plain-import

note[mixed-case-variable]: mutable variables should use mixedCase
   --> test/IdleLiquidityHookEnterprise.unichain_fork_debug.t.sol:184:188
    |
184 | ...6 ip_accumulatedYield0, uint256 ip_accumulatedYield1, uint256 ip_vaultShares0, uint256 ip_vaultShares1, uint256 ip_aTokenPrincip...
    |                                    ^^^^^^^^^^^^^^^^^^^^ help: consider using: `ipAccumulatedYield1`
    |
    = help: https://book.getfoundry.sh/reference/forge/forge-lint#mixed-case-variable

note[mixed-case-variable]: mutable variables should use mixedCase
   --> test/IdleLiquidityHookEnterprise.unichain_fork_debug.t.sol:184:218
    |
184 | ...int256 ip_accumulatedYield1, uint256 ip_vaultShares0, uint256 ip_vaultShares1, uint256 ip_aTokenPrincipal0, uint256 ip_aTokenPri...
    |                                         ^^^^^^^^^^^^^^^ help: consider using: `ipVaultShares0`
    |
    = help: https://book.getfoundry.sh/reference/forge/forge-lint#mixed-case-variable

note[mixed-case-function]: function names should use mixedCase
   --> src/hooks/IdleLiquidityHookEnterprise.sol:231:14
    |
231 |     function rebalanceSingleLPExternal(PoolId pid, address lp, int24 tick) external {
    |              ^^^^^^^^^^^^^^^^^^^^^^^^^ help: consider using: `rebalanceSingleLpExternal`
    |
    = help: https://book.getfoundry.sh/reference/forge/forge-lint#mixed-case-function

note[mixed-case-function]: function names should use mixedCase
   --> src/hooks/IdleLiquidityHookEnterprise.sol:339:14
    |
339 |     function _moveToERC4626(PoolId pid, address lp, AssetConfig storage ac, uint256 side, uint256 amount) internal {
    |              ^^^^^^^^^^^^^^ help: consider using: `_moveToErc4626`
    |
    = help: https://book.getfoundry.sh/reference/forge/forge-lint#mixed-case-function

note[mixed-case-function]: function names should use mixedCase
   --> src/hooks/IdleLiquidityHookEnterprise.sol:470:14
    |
470 |     function registerLP(PoolId pid, address lp) external onlyPoolManager {
    |              ^^^^^^^^^^ help: consider using: `registerLp`
    |
    = help: https://book.getfoundry.sh/reference/forge/forge-lint#mixed-case-function

note[mixed-case-function]: function names should use mixedCase
   --> src/hooks/IdleLiquidityHookEnterprise.sol:554:14
    |
554 |     function _withdrawFromERC4626(PoolId pid, address lp, uint256 side) internal {
    |              ^^^^^^^^^^^^^^^^^^^^ help: consider using: `_withdrawFromErc4626`
    |
    = help: https://book.getfoundry.sh/reference/forge/forge-lint#mixed-case-function

note[mixed-case-variable]: mutable variables should use mixedCase
   --> src/hooks/IdleLiquidityHookEnterprise.sol:755:17
    |
755 |         uint256 lpShareBP,
    |                 ^^^^^^^^^ help: consider using: `lpShareBp`
    |
    = help: https://book.getfoundry.sh/reference/forge/forge-lint#mixed-case-variable

note[unaliased-plain-import]: use named imports '{A, B}' or alias 'import ".." as X'
 --> script/DeployValidHook.s.sol:4:8
  |
4 | import "forge-std/console2.sol";
  |        ^^^^^^^^^^^^^^^^^^^^^^^^
  |
  = help: https://book.getfoundry.sh/reference/forge/forge-lint#unaliased-plain-import

note[unaliased-plain-import]: use named imports '{A, B}' or alias 'import ".." as X'
  --> script/DeployValidHook.s.sol:10:8
   |
10 | import "../src/hooks/IdleLiquidityHookEnterprise.sol";
   |        ^^^^^^^^^^^^^^^^^^^^^^^^^^^^^^^^^^^^^^^^^^^^^^
   |
   = help: https://book.getfoundry.sh/reference/forge/forge-lint#unaliased-plain-import

note[mixed-case-variable]: mutable variables should use mixedCase
   --> test/IdleLiquidityHookEnterprise.unichain_fork_debug.t.sol:184:243
    |
184 | ...d1, uint256 ip_vaultShares0, uint256 ip_vaultShares1, uint256 ip_aTokenPrincipal0, uint256 ip_aTokenPrincipal1) = hook.positions...
    |                                         ^^^^^^^^^^^^^^^ help: consider using: `ipVaultShares1`
    |
    = help: https://book.getfoundry.sh/reference/forge/forge-lint#mixed-case-variable

note[mixed-case-variable]: mutable variables should use mixedCase
   --> test/IdleLiquidityHookEnterprise.unichain_fork_debug.t.sol:184:268
    |
184 | ...uint256 ip_vaultShares1, uint256 ip_aTokenPrincipal0, uint256 ip_aTokenPrincipal1) = hook.positions(pid, address(this));
    |                                     ^^^^^^^^^^^^^^^^^^^ help: consider using: `ipATokenPrincipal0`
    |
    = help: https://book.getfoundry.sh/reference/forge/forge-lint#mixed-case-variable

note[mixed-case-variable]: mutable variables should use mixedCase
   --> test/IdleLiquidityHookEnterprise.unichain_fork_debug.t.sol:184:297
    |
184 | ...256 ip_aTokenPrincipal0, uint256 ip_aTokenPrincipal1) = hook.positions(pid, address(this));
    |                                     ^^^^^^^^^^^^^^^^^^^ help: consider using: `ipATokenPrincipal1`
    |
    = help: https://book.getfoundry.sh/reference/forge/forge-lint#mixed-case-variable

note[mixed-case-variable]: mutable variables should use mixedCase
   --> test/IdleLiquidityHookEnterprise.unichain_fork_debug.t.sol:189:26
    |
189 |         address[] memory lps_now = hook.getTrackedLPs(pid);
    |                          ^^^^^^^ help: consider using: `lpsNow`
    |
    = help: https://book.getfoundry.sh/reference/forge/forge-lint#mixed-case-variable

note[mixed-case-variable]: mutable variables should use mixedCase
   --> test/IdleLiquidityHookEnterprise.unichain_fork_debug.t.sol:193:17
    |
193 |         uint256 bal0_after = ERC20PresetMinterPauser(token0Addr).balanceOf(address(this));
    |                 ^^^^^^^^^^ help: consider using: `bal0After`
    |
    = help: https://book.getfoundry.sh/reference/forge/forge-lint#mixed-case-variable

note[mixed-case-variable]: mutable variables should use mixedCase
   --> test/IdleLiquidityHookEnterprise.unichain_fork_debug.t.sol:194:17
    |
194 |         uint256 bal1_after = ERC20PresetMinterPauser(token1Addr).balanceOf(address(this));
    |                 ^^^^^^^^^^ help: consider using: `bal1After`
    |
    = help: https://book.getfoundry.sh/reference/forge/forge-lint#mixed-case-variable

warning[unsafe-typecast]: typecasts that can truncate values should be checked
  --> test/IdleLiquidityHookEnterprise.unichain_fork_debug.t.sol:20:31
   |
20 |         uint128 l = liq > 0 ? uint128(uint256(liq)) : 0;
   |                               ^^^^^^^^^^^^^^^^^^^^^
   |
   = note: consider disabling this lint if you're certain the cast is safe
           
           // casting to 'uint128' is safe because [explain why]
           // forge-lint: disable-next-line(unsafe-typecast)
           
           
   = help: https://book.getfoundry.sh/reference/forge/forge-lint#unsafe-typecast

warning[unsafe-typecast]: typecasts that can truncate values should be checked
  --> test/IdleLiquidityHookEnterprise.unichain_fork_debug.t.sol:20:39
   |
20 |         uint128 l = liq > 0 ? uint128(uint256(liq)) : 0;
   |                                       ^^^^^^^^^^^^
   |
   = note: consider disabling this lint if you're certain the cast is safe
           
           // casting to 'uint256' is safe because [explain why]
           // forge-lint: disable-next-line(unsafe-typecast)
           
           
   = help: https://book.getfoundry.sh/reference/forge/forge-lint#unsafe-typecast

warning[unsafe-typecast]: typecasts that can truncate values should be checked
  --> test/IdleLiquidityHookEnterprise.unichain_fork_debug.t.sol:49:22
   |
49 |         int24 tick = int24(int256(h % 241) - 120); // maps to [-120..120]
   |                      ^^^^^^^^^^^^^^^^^^^^^^^^^^^^
   |
   = note: consider disabling this lint if you're certain the cast is safe
           
           // casting to 'int24' is safe because [explain why]
           // forge-lint: disable-next-line(unsafe-typecast)
           
           
   = help: https://book.getfoundry.sh/reference/forge/forge-lint#unsafe-typecast

warning[unsafe-typecast]: typecasts that can truncate values should be checked
  --> test/IdleLiquidityHookEnterprise.unichain_fork_debug.t.sol:49:28
   |
49 |         int24 tick = int24(int256(h % 241) - 120); // maps to [-120..120]
   |                            ^^^^^^^^^^^^^^^
   |
   = note: consider disabling this lint if you're certain the cast is safe
           
           // casting to 'int256' is safe because [explain why]
           // forge-lint: disable-next-line(unsafe-typecast)
           
           
   = help: https://book.getfoundry.sh/reference/forge/forge-lint#unsafe-typecast

warning[unsafe-typecast]: typecasts that can truncate values should be checked
  --> test/IdleLiquidityHookEnterprise.unichain_fork_debug.t.sol:55:85
   |
55 | ...   uint256 packed = (uint256(lpFee) << 208) | (uint256(protocolFee) << 184) | (uint256(uint24(uint256(int256(tick)))) << 160) | s...
   |                                                                                   ^^^^^^^^^^^^^^^^^^^^^^^^^^^^^^^^^^^^^^
   |
   = note: consider disabling this lint if you're certain the cast is safe
           
           // casting to 'uint256' is safe because [explain why]
           // forge-lint: disable-next-line(unsafe-typecast)
           
           
   = help: https://book.getfoundry.sh/reference/forge/forge-lint#unsafe-typecast

warning[unsafe-typecast]: typecasts that can truncate values should be checked
  --> test/IdleLiquidityHookEnterprise.unichain_fork_debug.t.sol:55:93
   |
55 | ...   uint256 packed = (uint256(lpFee) << 208) | (uint256(protocolFee) << 184) | (uint256(uint24(uint256(int256(tick)))) << 160) | s...
   |                                                                                           ^^^^^^^^^^^^^^^^^^^^^^^^^^^^^
   |
   = note: consider disabling this lint if you're certain the cast is safe
           
           // casting to 'uint24' is safe because [explain why]
           // forge-lint: disable-next-line(unsafe-typecast)
           
           
   = help: https://book.getfoundry.sh/reference/forge/forge-lint#unsafe-typecast

warning[unsafe-typecast]: typecasts that can truncate values should be checked
  --> test/IdleLiquidityHookEnterprise.unichain_fork_debug.t.sol:55:100
   |
55 | ...   uint256 packed = (uint256(lpFee) << 208) | (uint256(protocolFee) << 184) | (uint256(uint24(uint256(int256(tick)))) << 160) | s...
   |                                                                                                  ^^^^^^^^^^^^^^^^^^^^^
   |
   = note: consider disabling this lint if you're certain the cast is safe
           
           // casting to 'uint256' is safe because [explain why]
           // forge-lint: disable-next-line(unsafe-typecast)
           
           
   = help: https://book.getfoundry.sh/reference/forge/forge-lint#unsafe-typecast

note[unaliased-plain-import]: use named imports '{A, B}' or alias 'import ".." as X'
 --> test/IdleLiquidityHookEnterprise.t.sol:4:8
  |
4 | import "forge-std/Test.sol";
  |        ^^^^^^^^^^^^^^^^^^^^
  |
  = help: https://book.getfoundry.sh/reference/forge/forge-lint#unaliased-plain-import

note[unaliased-plain-import]: use named imports '{A, B}' or alias 'import ".." as X'
 --> test/IdleLiquidityHookEnterprise.t.sol:5:8
  |
5 | import "../src/hooks/IdleLiquidityHookEnterprise.sol";
  |        ^^^^^^^^^^^^^^^^^^^^^^^^^^^^^^^^^^^^^^^^^^^^^^
  |
  = help: https://book.getfoundry.sh/reference/forge/forge-lint#unaliased-plain-import

note[mixed-case-variable]: mutable variables should use mixedCase
   --> test/IdleLiquidityHookEnterprise.t.sol:138:17
    |
138 |         uint256 lpShareBP = 9000;
    |                 ^^^^^^^^^ help: consider using: `lpShareBp`
    |
    = help: https://book.getfoundry.sh/reference/forge/forge-lint#mixed-case-variable

note[mixed-case-variable]: mutable variables should use mixedCase
   --> test/IdleLiquidityHookEnterprise.t.sol:139:17
    |
139 |         uint256 protocolShareBP = 1000;
    |                 ^^^^^^^^^^^^^^^ help: consider using: `protocolShareBp`
    |
    = help: https://book.getfoundry.sh/reference/forge/forge-lint#mixed-case-variable

note[mixed-case-variable]: mutable variables should use mixedCase
   --> test/IdleLiquidityHookEnterprise.t.sol:171:17
    |
171 |         uint256 lpShareBP = 9000;
    |                 ^^^^^^^^^ help: consider using: `lpShareBp`
    |
    = help: https://book.getfoundry.sh/reference/forge/forge-lint#mixed-case-variable

note[mixed-case-variable]: mutable variables should use mixedCase
   --> test/IdleLiquidityHookEnterprise.t.sol:172:17
    |
172 |         uint256 protocolShareBP = 1000;
    |                 ^^^^^^^^^^^^^^^ help: consider using: `protocolShareBp`
    |
    = help: https://book.getfoundry.sh/reference/forge/forge-lint#mixed-case-variable

note[unused-import]: unused imports should be removed
 --> test/IdleLiquidityHookEnterprise.t.sol:6:17
  |
6 | import {Status, Strategy} from "../src/types/IdleLiquidityTypes.sol";
  |                 ^^^^^^^^
  |
  = help: https://book.getfoundry.sh/reference/forge/forge-lint#unused-import

note[mixed-case-variable]: mutable variables should use mixedCase
   --> src/hooks/IdleLiquidityHookEnterprise.sol:756:17
    |
756 |         uint256 protocolShareBP
    |                 ^^^^^^^^^^^^^^^ help: consider using: `protocolShareBp`
    |
    = help: https://book.getfoundry.sh/reference/forge/forge-lint#mixed-case-variable

note[unaliased-plain-import]: use named imports '{A, B}' or alias 'import ".." as X'
 --> script/AddLiquidity.s.sol:4:8
  |
4 | import "forge-std/Script.sol";
  |        ^^^^^^^^^^^^^^^^^^^^^^
  |
  = help: https://book.getfoundry.sh/reference/forge/forge-lint#unaliased-plain-import

warning[unsafe-typecast]: typecasts that can truncate values should be checked
  --> script/AddLiquidity.s.sol:28:29
   |
28 |         int24 tickSpacing = int24(int256(uint256(tsRaw)));
   |                             ^^^^^^^^^^^^^^^^^^^^^^^^^^^^^
   |
   = note: consider disabling this lint if you're certain the cast is safe
           
           // casting to 'int24' is safe because [explain why]
           // forge-lint: disable-next-line(unsafe-typecast)
           
           
   = help: https://book.getfoundry.sh/reference/forge/forge-lint#unsafe-typecast

warning[unsafe-typecast]: typecasts that can truncate values should be checked
  --> script/AddLiquidity.s.sol:28:35
   |
28 |         int24 tickSpacing = int24(int256(uint256(tsRaw)));
   |                                   ^^^^^^^^^^^^^^^^^^^^^^
   |
   = note: consider disabling this lint if you're certain the cast is safe
           
           // casting to 'int256' is safe because [explain why]
           // forge-lint: disable-next-line(unsafe-typecast)
           
           
   = help: https://book.getfoundry.sh/reference/forge/forge-lint#unsafe-typecast

warning[unsafe-typecast]: typecasts that can truncate values should be checked
  --> script/AddLiquidity.s.sol:38:130
   |
38 | ...ower: tickLower, tickUpper: tickUpper, liquidityDelta: int256(liquidity), salt: bytes32(0)});
   |                                                           ^^^^^^^^^^^^^^^^^
   |
   = note: consider disabling this lint if you're certain the cast is safe
           
           // casting to 'int256' is safe because [explain why]
           // forge-lint: disable-next-line(unsafe-typecast)
           
           
   = help: https://book.getfoundry.sh/reference/forge/forge-lint#unsafe-typecast

note[unaliased-plain-import]: use named imports '{A, B}' or alias 'import ".." as X'
 --> script/DeployTokens.s.sol:4:8
  |
4 | import "@openzeppelin/contracts/token/ERC20/presets/ERC20PresetMinterPauser.sol";
  |        ^^^^^^^^^^^^^^^^^^^^^^^^^^^^^^^^^^^^^^^^^^^^^^^^^^^^^^^^^^^^^^^^^^^^^^^^^
  |
  = help: https://book.getfoundry.sh/reference/forge/forge-lint#unaliased-plain-import

note[unaliased-plain-import]: use named imports '{A, B}' or alias 'import ".." as X'
 --> script/DeployTokens.s.sol:5:8
  |
5 | import "forge-std/Script.sol";
  |        ^^^^^^^^^^^^^^^^^^^^^^
  |
  = help: https://book.getfoundry.sh/reference/forge/forge-lint#unaliased-plain-import

note[unaliased-plain-import]: use named imports '{A, B}' or alias 'import ".." as X'
 --> script/DeployCreate2Deployer.s.sol:4:8
  |
4 | import "forge-std/Script.sol";
  |        ^^^^^^^^^^^^^^^^^^^^^^
  |
  = help: https://book.getfoundry.sh/reference/forge/forge-lint#unaliased-plain-import

note[unaliased-plain-import]: use named imports '{A, B}' or alias 'import ".." as X'
 --> script/DeployPoolManager.s.sol:4:8
  |
4 | import "../src/managers/PoolManager.sol";
  |        ^^^^^^^^^^^^^^^^^^^^^^^^^^^^^^^^^
  |
  = help: https://book.getfoundry.sh/reference/forge/forge-lint#unaliased-plain-import

note[unaliased-plain-import]: use named imports '{A, B}' or alias 'import ".." as X'
 --> script/DeployPoolManager.s.sol:5:8
  |
5 | import "forge-std/Script.sol";
  |        ^^^^^^^^^^^^^^^^^^^^^^
  |
  = help: https://book.getfoundry.sh/reference/forge/forge-lint#unaliased-plain-import

note[unused-import]: unused imports should be removed
 --> test/IdleLiquidityHookEnterprise.t.sol:9:9
  |
9 | import {IERC20} from "@openzeppelin/contracts/token/ERC20/IERC20.sol";
  |         ^^^^^^
  |
  = help: https://book.getfoundry.sh/reference/forge/forge-lint#unused-import

note[unused-import]: unused imports should be removed
  --> test/IdleLiquidityHookEnterprise.t.sol:17:9
   |
17 | import {Position} from "../src/types/IdleLiquidityTypes.sol";
   |         ^^^^^^^^
   |
   = help: https://book.getfoundry.sh/reference/forge/forge-lint#unused-import

warning[unsafe-typecast]: typecasts that can truncate values should be checked
  --> test/IdleLiquidityHookEnterprise.t.sol:25:31
   |
25 |         uint128 l = liq > 0 ? uint128(uint256(liq)) : 0;
   |                               ^^^^^^^^^^^^^^^^^^^^^
   |
   = note: consider disabling this lint if you're certain the cast is safe
           
           // casting to 'uint128' is safe because [explain why]
           // forge-lint: disable-next-line(unsafe-typecast)
           
           
   = help: https://book.getfoundry.sh/reference/forge/forge-lint#unsafe-typecast

warning[unsafe-typecast]: typecasts that can truncate values should be checked
  --> test/IdleLiquidityHookEnterprise.t.sol:25:39
   |
25 |         uint128 l = liq > 0 ? uint128(uint256(liq)) : 0;
   |                                       ^^^^^^^^^^^^
   |
   = note: consider disabling this lint if you're certain the cast is safe
           
           // casting to 'uint256' is safe because [explain why]
           // forge-lint: disable-next-line(unsafe-typecast)
           
           
   = help: https://book.getfoundry.sh/reference/forge/forge-lint#unsafe-typecast

warning[unsafe-typecast]: typecasts that can truncate values should be checked
  --> test/IdleLiquidityHookEnterprise.t.sol:61:22
   |
61 |         int24 tick = int24(int256(h % 241) - 120); // maps to [-120..120]
   |                      ^^^^^^^^^^^^^^^^^^^^^^^^^^^^
   |
   = note: consider disabling this lint if you're certain the cast is safe
           
           // casting to 'int24' is safe because [explain why]
           // forge-lint: disable-next-line(unsafe-typecast)
           
           
   = help: https://book.getfoundry.sh/reference/forge/forge-lint#unsafe-typecast

warning[unsafe-typecast]: typecasts that can truncate values should be checked
  --> test/IdleLiquidityHookEnterprise.t.sol:61:28
   |
61 |         int24 tick = int24(int256(h % 241) - 120); // maps to [-120..120]
   |                            ^^^^^^^^^^^^^^^
   |
   = note: consider disabling this lint if you're certain the cast is safe
           
           // casting to 'int256' is safe because [explain why]
           // forge-lint: disable-next-line(unsafe-typecast)
           
           
   = help: https://book.getfoundry.sh/reference/forge/forge-lint#unsafe-typecast

warning[unsafe-typecast]: typecasts that can truncate values should be checked
  --> test/IdleLiquidityHookEnterprise.t.sol:67:85
   |
67 | ...   uint256 packed = (uint256(lpFee) << 208) | (uint256(protocolFee) << 184) | (uint256(uint24(uint256(int256(tick)))) << 160) | s...
   |                                                                                   ^^^^^^^^^^^^^^^^^^^^^^^^^^^^^^^^^^^^^^
   |
   = note: consider disabling this lint if you're certain the cast is safe
           
           // casting to 'uint256' is safe because [explain why]
           // forge-lint: disable-next-line(unsafe-typecast)
           
           
   = help: https://book.getfoundry.sh/reference/forge/forge-lint#unsafe-typecast

warning[unsafe-typecast]: typecasts that can truncate values should be checked
  --> test/IdleLiquidityHookEnterprise.t.sol:67:93
   |
67 | ...   uint256 packed = (uint256(lpFee) << 208) | (uint256(protocolFee) << 184) | (uint256(uint24(uint256(int256(tick)))) << 160) | s...
   |                                                                                           ^^^^^^^^^^^^^^^^^^^^^^^^^^^^^
   |
   = note: consider disabling this lint if you're certain the cast is safe
           
           // casting to 'uint24' is safe because [explain why]
           // forge-lint: disable-next-line(unsafe-typecast)
           
           
   = help: https://book.getfoundry.sh/reference/forge/forge-lint#unsafe-typecast

warning[unsafe-typecast]: typecasts that can truncate values should be checked
  --> test/IdleLiquidityHookEnterprise.t.sol:67:100
   |
67 | ...   uint256 packed = (uint256(lpFee) << 208) | (uint256(protocolFee) << 184) | (uint256(uint24(uint256(int256(tick)))) << 160) | s...
   |                                                                                                  ^^^^^^^^^^^^^^^^^^^^^
   |
   = note: consider disabling this lint if you're certain the cast is safe
           
           // casting to 'uint256' is safe because [explain why]
           // forge-lint: disable-next-line(unsafe-typecast)
           
           
   = help: https://book.getfoundry.sh/reference/forge/forge-lint#unsafe-typecast

warning[unsafe-typecast]: typecasts that can truncate values should be checked
   --> test/IdleLiquidityHookEnterprise.t.sol:399:51
    |
399 |         while (v != 0) { k -= 1; bstr[k] = bytes1(uint8(48 + v % 10)); v /= 10; }
    |                                                   ^^^^^^^^^^^^^^^^^^
    |
    = note: consider disabling this lint if you're certain the cast is safe
            
            // casting to 'uint8' is safe because [explain why]
            // forge-lint: disable-next-line(unsafe-typecast)
            
            
    = help: https://book.getfoundry.sh/reference/forge/forge-lint#unsafe-typecast

note[unaliased-plain-import]: use named imports '{A, B}' or alias 'import ".." as X'
 --> test/IdleLiquidityHookEnterprise.harvest.t.sol:4:8
  |
4 | import "forge-std/Test.sol";
  |        ^^^^^^^^^^^^^^^^^^^^
  |
  = help: https://book.getfoundry.sh/reference/forge/forge-lint#unaliased-plain-import

note[unaliased-plain-import]: use named imports '{A, B}' or alias 'import ".." as X'
 --> test/IdleLiquidityHookEnterprise.harvest.t.sol:5:8
  |
5 | import "../src/hooks/IdleLiquidityHookEnterprise.sol";
  |        ^^^^^^^^^^^^^^^^^^^^^^^^^^^^^^^^^^^^^^^^^^^^^^
  |
  = help: https://book.getfoundry.sh/reference/forge/forge-lint#unaliased-plain-import

note[unused-import]: unused imports should be removed
 --> test/IdleLiquidityHookEnterprise.harvest.t.sol:8:9
  |
8 | import {IPoolManager} from "@uniswap/v4-core/src/interfaces/IPoolManager.sol";
  |         ^^^^^^^^^^^^
  |
  = help: https://book.getfoundry.sh/reference/forge/forge-lint#unused-import

note[unused-import]: unused imports should be removed
  --> test/IdleLiquidityHookEnterprise.harvest.t.sol:11:9
   |
11 | import {Currency} from "@uniswap/v4-core/src/types/Currency.sol";
   |         ^^^^^^^^
   |
   = help: https://book.getfoundry.sh/reference/forge/forge-lint#unused-import

note[unused-import]: unused imports should be removed
  --> test/IdleLiquidityHookEnterprise.harvest.t.sol:12:9
   |
12 | import {IERC20} from "@openzeppelin/contracts/token/ERC20/IERC20.sol";
   |         ^^^^^^
   |
   = help: https://book.getfoundry.sh/reference/forge/forge-lint#unused-import

note[unaliased-plain-import]: use named imports '{A, B}' or alias 'import ".." as X'
 --> test/IdleLiquidityHookEnterprise.stress.t.sol:4:8
  |
4 | import "forge-std/Test.sol";
  |        ^^^^^^^^^^^^^^^^^^^^
  |
  = help: https://book.getfoundry.sh/reference/forge/forge-lint#unaliased-plain-import

note[unaliased-plain-import]: use named imports '{A, B}' or alias 'import ".." as X'
  --> test/IdleLiquidityHookEnterprise.stress.t.sol:13:8
   |
13 | import "forge-std/Test.sol";
   |        ^^^^^^^^^^^^^^^^^^^^
   |
   = help: https://book.getfoundry.sh/reference/forge/forge-lint#unaliased-plain-import

note[mixed-case-function]: function names should use mixedCase
   --> test/IdleLiquidityHookEnterprise.stress.t.sol:126:14
    |
126 |     function debug_moveMarket(int24 tickShift) external {
    |              ^^^^^^^^^^^^^^^^ help: consider using: `debugMoveMarket`
    |
    = help: https://book.getfoundry.sh/reference/forge/forge-lint#mixed-case-function

note[mixed-case-function]: function names should use mixedCase
   --> test/IdleLiquidityHookEnterprise.stress.t.sol:130:14
    |
130 |     function debug_liquidityShock(uint256 seed) external {
    |              ^^^^^^^^^^^^^^^^^^^^ help: consider using: `debugLiquidityShock`
    |
    = help: https://book.getfoundry.sh/reference/forge/forge-lint#mixed-case-function

note[mixed-case-function]: function names should use mixedCase
   --> test/IdleLiquidityHookEnterprise.stress.t.sol:134:14
    |
134 |     function debug_runSwapPressure(uint256 rounds) external {
    |              ^^^^^^^^^^^^^^^^^^^^^ help: consider using: `debugRunSwapPressure`
    |
    = help: https://book.getfoundry.sh/reference/forge/forge-lint#mixed-case-function

warning[unsafe-typecast]: typecasts that can truncate values should be checked
  --> test/IdleLiquidityHookEnterprise.stress.t.sol:50:85
   |
50 | ...   uint256 packed = (uint256(lpFee) << 208) | (uint256(protocolFee) << 184) | (uint256(uint24(uint256(int256(tick)))) << 160) | b...
   |                                                                                   ^^^^^^^^^^^^^^^^^^^^^^^^^^^^^^^^^^^^^^
   |
   = note: consider disabling this lint if you're certain the cast is safe
           
           // casting to 'uint256' is safe because [explain why]
           // forge-lint: disable-next-line(unsafe-typecast)
           
           
   = help: https://book.getfoundry.sh/reference/forge/forge-lint#unsafe-typecast

warning[unsafe-typecast]: typecasts that can truncate values should be checked
  --> test/IdleLiquidityHookEnterprise.stress.t.sol:50:93
   |
50 | ...   uint256 packed = (uint256(lpFee) << 208) | (uint256(protocolFee) << 184) | (uint256(uint24(uint256(int256(tick)))) << 160) | b...
   |                                                                                           ^^^^^^^^^^^^^^^^^^^^^^^^^^^^^
   |
   = note: consider disabling this lint if you're certain the cast is safe
           
           // casting to 'uint24' is safe because [explain why]
           // forge-lint: disable-next-line(unsafe-typecast)
           
           
   = help: https://book.getfoundry.sh/reference/forge/forge-lint#unsafe-typecast

warning[unsafe-typecast]: typecasts that can truncate values should be checked
  --> test/IdleLiquidityHookEnterprise.stress.t.sol:50:100
   |
50 | ...   uint256 packed = (uint256(lpFee) << 208) | (uint256(protocolFee) << 184) | (uint256(uint24(uint256(int256(tick)))) << 160) | b...
   |                                                                                                  ^^^^^^^^^^^^^^^^^^^^^
   |
   = note: consider disabling this lint if you're certain the cast is safe
           
           // casting to 'uint256' is safe because [explain why]
           // forge-lint: disable-next-line(unsafe-typecast)
           
           
   = help: https://book.getfoundry.sh/reference/forge/forge-lint#unsafe-typecast

warning[unsafe-typecast]: typecasts that can truncate values should be checked
  --> test/IdleLiquidityHookEnterprise.stress.t.sol:61:25
   |
61 |             uint128 l = uint128(uint256(amount));
   |                         ^^^^^^^^^^^^^^^^^^^^^^^^
   |
   = note: consider disabling this lint if you're certain the cast is safe
           
           // casting to 'uint128' is safe because [explain why]
           // forge-lint: disable-next-line(unsafe-typecast)
           
           
   = help: https://book.getfoundry.sh/reference/forge/forge-lint#unsafe-typecast

warning[unsafe-typecast]: typecasts that can truncate values should be checked
  --> test/IdleLiquidityHookEnterprise.stress.t.sol:61:33
   |
61 |             uint128 l = uint128(uint256(amount));
   |                                 ^^^^^^^^^^^^^^^
   |
   = note: consider disabling this lint if you're certain the cast is safe
           
           // casting to 'uint256' is safe because [explain why]
           // forge-lint: disable-next-line(unsafe-typecast)
           
           
   = help: https://book.getfoundry.sh/reference/forge/forge-lint#unsafe-typecast

warning[unsafe-typecast]: typecasts that can truncate values should be checked
  --> test/IdleLiquidityHookEnterprise.stress.t.sol:78:31
   |
78 |         this.extsload(bytes32(uint256(uint24(uint24(currentTick)))));
   |                               ^^^^^^^^^^^^^^^^^^^^^^^^^^^^^^^^^^^^
   |
   = note: consider disabling this lint if you're certain the cast is safe
           
           // casting to 'uint256' is safe because [explain why]
           // forge-lint: disable-next-line(unsafe-typecast)
           
           
   = help: https://book.getfoundry.sh/reference/forge/forge-lint#unsafe-typecast

warning[unsafe-typecast]: typecasts that can truncate values should be checked
  --> test/IdleLiquidityHookEnterprise.stress.t.sol:78:39
   |
78 |         this.extsload(bytes32(uint256(uint24(uint24(currentTick)))));
   |                                       ^^^^^^^^^^^^^^^^^^^^^^^^^^^
   |
   = note: consider disabling this lint if you're certain the cast is safe
           
           // casting to 'uint24' is safe because [explain why]
           // forge-lint: disable-next-line(unsafe-typecast)
           
           
   = help: https://book.getfoundry.sh/reference/forge/forge-lint#unsafe-typecast

warning[unsafe-typecast]: typecasts that can truncate values should be checked
  --> test/IdleLiquidityHookEnterprise.stress.t.sol:78:46
   |
78 |         this.extsload(bytes32(uint256(uint24(uint24(currentTick)))));
   |                                              ^^^^^^^^^^^^^^^^^^^
   |
   = note: consider disabling this lint if you're certain the cast is safe
           
           // casting to 'uint24' is safe because [explain why]
           // forge-lint: disable-next-line(unsafe-typecast)
           
           
   = help: https://book.getfoundry.sh/reference/forge/forge-lint#unsafe-typecast

note[unaliased-plain-import]: use named imports '{A, B}' or alias 'import ".." as X'
 --> test/IdleLiquidityHook.fullFlow.t.sol:4:8
  |
4 | import "forge-std/Test.sol";
  |        ^^^^^^^^^^^^^^^^^^^^
  |
  = help: https://book.getfoundry.sh/reference/forge/forge-lint#unaliased-plain-import

note[unaliased-plain-import]: use named imports '{A, B}' or alias 'import ".." as X'
 --> test/IdleLiquidityHook.fullFlow.t.sol:5:8
  |
5 | import "../src/hooks/IdleLiquidityHookEnterprise.sol";
  |        ^^^^^^^^^^^^^^^^^^^^^^^^^^^^^^^^^^^^^^^^^^^^^^
  |
  = help: https://book.getfoundry.sh/reference/forge/forge-lint#unaliased-plain-import

note[mixed-case-variable]: mutable variables should use mixedCase
   --> src/hooks/IdleLiquidityHookEnterprise.sol:804:17
    |
804 |         uint256 lpShareBP,
    |                 ^^^^^^^^^ help: consider using: `lpShareBp`
    |
    = help: https://book.getfoundry.sh/reference/forge/forge-lint#mixed-case-variable

note[mixed-case-variable]: mutable variables should use mixedCase
   --> src/hooks/IdleLiquidityHookEnterprise.sol:805:17
    |
805 |         uint256 protocolShareBP,
    |                 ^^^^^^^^^^^^^^^ help: consider using: `protocolShareBp`
    |
    = help: https://book.getfoundry.sh/reference/forge/forge-lint#mixed-case-variable

note[mixed-case-variable]: mutable variables should use mixedCase
   --> src/hooks/IdleLiquidityHookEnterprise.sol:858:46
    |
858 |     function updateRates(PoolId pid, uint256 lpShareBP, uint256 protocolShareBP) external onlyOwner {
    |                                              ^^^^^^^^^ help: consider using: `lpShareBp`
    |
    = help: https://book.getfoundry.sh/reference/forge/forge-lint#mixed-case-variable

note[mixed-case-variable]: mutable variables should use mixedCase
   --> src/hooks/IdleLiquidityHookEnterprise.sol:858:65
    |
858 |     function updateRates(PoolId pid, uint256 lpShareBP, uint256 protocolShareBP) external onlyOwner {
    |                                                                 ^^^^^^^^^^^^^^^ help: consider using: `protocolShareBp`
    |
    = help: https://book.getfoundry.sh/reference/forge/forge-lint#mixed-case-variable

note[unused-import]: unused imports should be removed
  --> src/hooks/IdleLiquidityHookEnterprise.sol:10:9
   |
10 | import {IExtsload} from "@uniswap/v4-core/src/interfaces/IExtsload.sol";
   |         ^^^^^^^^^
   |
   = help: https://book.getfoundry.sh/reference/forge/forge-lint#unused-import

note[unwrapped-modifier-logic]: wrap modifier logic to reduce code size
   --> src/hooks/IdleLiquidityHookEnterprise.sol:953:5
    |
953 | /     modifier cooldownPassed(PoolId pid) {
954 | |         // allow initial rebalance when lastRebalanceBlock is unset (0)
955 | |         require(
956 | |             lastRebalanceBlock[pid] == 0 || block.number > lastRebalanceBlock[pid] + EXECUTION_COOLDOWN_BLOCKS,
...   |
959 | |         _;
960 | |     }
    | |_____^
    |
help: wrap modifier logic to reduce code size
    |
953 ~     modifier cooldownPassed(PoolId pid) {
954 +         _cooldownPassed(pid);
955 +         _;
956 +     }
957 + 
958 +     function _cooldownPassed(PoolId pid) internal {
959 +         require(
960 +             lastRebalanceBlock[pid] == 0 || block.number > lastRebalanceBlock[pid] + EXECUTION_COOLDOWN_BLOCKS,
961 +             "COOLDOWN"
962 +         );
963 +     }
    |
    = help: https://book.getfoundry.sh/reference/forge/forge-lint#unwrapped-modifier-logic

warning[unsafe-typecast]: typecasts that can truncate values should be checked
   --> src/hooks/IdleLiquidityHookEnterprise.sol:994:24
    |
994 |                 liq0 = uint128(uint256(int256(-a0)));
    |                        ^^^^^^^^^^^^^^^^^^^^^^^^^^^^^
    |
    = note: consider disabling this lint if you're certain the cast is safe
            
            // casting to 'uint128' is safe because [explain why]
            // forge-lint: disable-next-line(unsafe-typecast)
            
            
    = help: https://book.getfoundry.sh/reference/forge/forge-lint#unsafe-typecast

warning[unsafe-typecast]: typecasts that can truncate values should be checked
   --> src/hooks/IdleLiquidityHookEnterprise.sol:994:32
    |
994 |                 liq0 = uint128(uint256(int256(-a0)));
    |                                ^^^^^^^^^^^^^^^^^^^^
    |
    = note: consider disabling this lint if you're certain the cast is safe
            
            // casting to 'uint256' is safe because [explain why]
            // forge-lint: disable-next-line(unsafe-typecast)
            
            
    = help: https://book.getfoundry.sh/reference/forge/forge-lint#unsafe-typecast

warning[unsafe-typecast]: typecasts that can truncate values should be checked
   --> src/hooks/IdleLiquidityHookEnterprise.sol:997:24
    |
997 |                 liq1 = uint128(uint256(int256(-a1)));
    |                        ^^^^^^^^^^^^^^^^^^^^^^^^^^^^^
    |
    = note: consider disabling this lint if you're certain the cast is safe
            
            // casting to 'uint128' is safe because [explain why]
            // forge-lint: disable-next-line(unsafe-typecast)
            
            
    = help: https://book.getfoundry.sh/reference/forge/forge-lint#unsafe-typecast

warning[unsafe-typecast]: typecasts that can truncate values should be checked
   --> src/hooks/IdleLiquidityHookEnterprise.sol:997:32
    |
997 |                 liq1 = uint128(uint256(int256(-a1)));
    |                                ^^^^^^^^^^^^^^^^^^^^
    |
    = note: consider disabling this lint if you're certain the cast is safe
            
            // casting to 'uint256' is safe because [explain why]
            // forge-lint: disable-next-line(unsafe-typecast)
            
            
    = help: https://book.getfoundry.sh/reference/forge/forge-lint#unsafe-typecast

note[unaliased-plain-import]: use named imports '{A, B}' or alias 'import ".." as X'
 --> test/IdleLiquidityHookEnterprise.fork.t.sol:4:8
  |
4 | import "forge-std/Test.sol";
  |        ^^^^^^^^^^^^^^^^^^^^
  |
  = help: https://book.getfoundry.sh/reference/forge/forge-lint#unaliased-plain-import

note[unaliased-plain-import]: use named imports '{A, B}' or alias 'import ".." as X'
 --> test/IdleLiquidityHookEnterprise.fork.t.sol:5:8
  |
5 | import "../src/hooks/IdleLiquidityHookEnterprise.sol";
  |        ^^^^^^^^^^^^^^^^^^^^^^^^^^^^^^^^^^^^^^^^^^^^^^
  |
  = help: https://book.getfoundry.sh/reference/forge/forge-lint#unaliased-plain-import

note[unaliased-plain-import]: use named imports '{A, B}' or alias 'import ".." as X'
 --> test/IdleLiquidityHookEnterprise.fuzz.t.sol:4:8
  |
4 | import "forge-std/Test.sol";
  |        ^^^^^^^^^^^^^^^^^^^^
  |
  = help: https://book.getfoundry.sh/reference/forge/forge-lint#unaliased-plain-import

note[unaliased-plain-import]: use named imports '{A, B}' or alias 'import ".." as X'
 --> test/IdleLiquidityHookEnterprise.invariants.t.sol:4:8
  |
4 | import "forge-std/Test.sol";
  |        ^^^^^^^^^^^^^^^^^^^^
  |
  = help: https://book.getfoundry.sh/reference/forge/forge-lint#unaliased-plain-import

note[unaliased-plain-import]: use named imports '{A, B}' or alias 'import ".." as X'
 --> test/IdleLiquidityHookEnterprise.invariants.t.sol:5:8
  |
5 | import "../src/hooks/IdleLiquidityHookEnterprise.sol";
  |        ^^^^^^^^^^^^^^^^^^^^^^^^^^^^^^^^^^^^^^^^^^^^^^
  |
  = help: https://book.getfoundry.sh/reference/forge/forge-lint#unaliased-plain-import

note[unaliased-plain-import]: use named imports '{A, B}' or alias 'import ".." as X'
 --> test/IdleLiquidityHookEnterprise.offline_minimal.t.sol:4:8
  |
4 | import "forge-std/Test.sol";
  |        ^^^^^^^^^^^^^^^^^^^^
  |
  = help: https://book.getfoundry.sh/reference/forge/forge-lint#unaliased-plain-import

warning[unsafe-typecast]: typecasts that can truncate values should be checked
  --> test/IdleLiquidityHookEnterprise.invariants.t.sol:21:31
   |
21 |         uint128 l = liq > 0 ? uint128(uint256(liq)) : 0;
   |                               ^^^^^^^^^^^^^^^^^^^^^
   |
   = note: consider disabling this lint if you're certain the cast is safe
           
           // casting to 'uint128' is safe because [explain why]
           // forge-lint: disable-next-line(unsafe-typecast)
           
           
   = help: https://book.getfoundry.sh/reference/forge/forge-lint#unsafe-typecast

warning[unsafe-typecast]: typecasts that can truncate values should be checked
  --> test/IdleLiquidityHookEnterprise.invariants.t.sol:21:39
   |
21 |         uint128 l = liq > 0 ? uint128(uint256(liq)) : 0;
   |                                       ^^^^^^^^^^^^
   |
   = note: consider disabling this lint if you're certain the cast is safe
           
           // casting to 'uint256' is safe because [explain why]
           // forge-lint: disable-next-line(unsafe-typecast)
           
           
   = help: https://book.getfoundry.sh/reference/forge/forge-lint#unsafe-typecast

warning[unsafe-typecast]: typecasts that can truncate values should be checked
  --> test/IdleLiquidityHookEnterprise.invariants.t.sol:42:85
   |
42 | ...   uint256 packed = (uint256(lpFee) << 208) | (uint256(protocolFee) << 184) | (uint256(uint24(uint256(int256(tick)))) << 160) | s...
   |                                                                                   ^^^^^^^^^^^^^^^^^^^^^^^^^^^^^^^^^^^^^^
   |
   = note: consider disabling this lint if you're certain the cast is safe
           
           // casting to 'uint256' is safe because [explain why]
           // forge-lint: disable-next-line(unsafe-typecast)
           
           
   = help: https://book.getfoundry.sh/reference/forge/forge-lint#unsafe-typecast

warning[unsafe-typecast]: typecasts that can truncate values should be checked
  --> test/IdleLiquidityHookEnterprise.invariants.t.sol:42:93
   |
42 | ...   uint256 packed = (uint256(lpFee) << 208) | (uint256(protocolFee) << 184) | (uint256(uint24(uint256(int256(tick)))) << 160) | s...
   |                                                                                           ^^^^^^^^^^^^^^^^^^^^^^^^^^^^^
   |
   = note: consider disabling this lint if you're certain the cast is safe
           
           // casting to 'uint24' is safe because [explain why]
           // forge-lint: disable-next-line(unsafe-typecast)
           
           
   = help: https://book.getfoundry.sh/reference/forge/forge-lint#unsafe-typecast

warning[unsafe-typecast]: typecasts that can truncate values should be checked
  --> test/IdleLiquidityHookEnterprise.invariants.t.sol:42:100
   |
42 | ...   uint256 packed = (uint256(lpFee) << 208) | (uint256(protocolFee) << 184) | (uint256(uint24(uint256(int256(tick)))) << 160) | s...
   |                                                                                                  ^^^^^^^^^^^^^^^^^^^^^
   |
   = note: consider disabling this lint if you're certain the cast is safe
           
           // casting to 'uint256' is safe because [explain why]
           // forge-lint: disable-next-line(unsafe-typecast)
           
           
   = help: https://book.getfoundry.sh/reference/forge/forge-lint#unsafe-typecast

note[unaliased-plain-import]: use named imports '{A, B}' or alias 'import ".." as X'
 --> test/IdleLiquidityHookEnterprise.gas.t.sol:4:8
  |
4 | import "forge-std/Test.sol";
  |        ^^^^^^^^^^^^^^^^^^^^
  |
  = help: https://book.getfoundry.sh/reference/forge/forge-lint#unaliased-plain-import

note[unaliased-plain-import]: use named imports '{A, B}' or alias 'import ".." as X'
 --> test/IdleLiquidityHookEnterprise.gas.t.sol:5:8
  |
5 | import "../src/hooks/IdleLiquidityHookEnterprise.sol";
  |        ^^^^^^^^^^^^^^^^^^^^^^^^^^^^^^^^^^^^^^^^^^^^^^
  |
  = help: https://book.getfoundry.sh/reference/forge/forge-lint#unaliased-plain-import

note[unused-import]: unused imports should be removed
 --> test/IdleLiquidityHookEnterprise.offline_minimal.t.sol:7:9
  |
7 | import {PoolIdLibrary, PoolId} from "@uniswap/v4-core/src/types/PoolId.sol";
  |         ^^^^^^^^^^^^^
  |
  = help: https://book.getfoundry.sh/reference/forge/forge-lint#unused-import

note[unused-import]: unused imports should be removed
 --> test/IdleLiquidityHookEnterprise.offline_minimal.t.sol:7:24
  |
7 | import {PoolIdLibrary, PoolId} from "@uniswap/v4-core/src/types/PoolId.sol";
  |                        ^^^^^^
  |
  = help: https://book.getfoundry.sh/reference/forge/forge-lint#unused-import

note[unused-import]: unused imports should be removed
  --> test/IdleLiquidityHookEnterprise.offline_minimal.t.sol:10:9
   |
10 | import {ModifyLiquidityParams, SwapParams} from "@uniswap/v4-core/src/types/PoolOperation.sol";
   |         ^^^^^^^^^^^^^^^^^^^^^
   |
   = help: https://book.getfoundry.sh/reference/forge/forge-lint#unused-import

note[unused-import]: unused imports should be removed
  --> test/IdleLiquidityHookEnterprise.offline_minimal.t.sol:10:32
   |
10 | import {ModifyLiquidityParams, SwapParams} from "@uniswap/v4-core/src/types/PoolOperation.sol";
   |                                ^^^^^^^^^^
   |
   = help: https://book.getfoundry.sh/reference/forge/forge-lint#unused-import

note[unused-import]: unused imports should be removed
  --> test/IdleLiquidityHookEnterprise.offline_minimal.t.sol:12:9
   |
12 | import {BalanceDelta} from "@uniswap/v4-core/src/types/BalanceDelta.sol";
   |         ^^^^^^^^^^^^
   |
   = help: https://book.getfoundry.sh/reference/forge/forge-lint#unused-import

warning[unsafe-typecast]: typecasts that can truncate values should be checked
  --> test/IdleLiquidityHookEnterprise.offline_minimal.t.sol:24:85
   |
24 | ...   uint256 packed = (uint256(lpFee) << 208) | (uint256(protocolFee) << 184) | (uint256(uint24(uint256(int256(tick)))) << 160) | s...
   |                                                                                   ^^^^^^^^^^^^^^^^^^^^^^^^^^^^^^^^^^^^^^
   |
   = note: consider disabling this lint if you're certain the cast is safe
           
           // casting to 'uint256' is safe because [explain why]
           // forge-lint: disable-next-line(unsafe-typecast)
           
           
   = help: https://book.getfoundry.sh/reference/forge/forge-lint#unsafe-typecast

warning[unsafe-typecast]: typecasts that can truncate values should be checked
  --> test/IdleLiquidityHookEnterprise.offline_minimal.t.sol:24:93
   |
24 | ...   uint256 packed = (uint256(lpFee) << 208) | (uint256(protocolFee) << 184) | (uint256(uint24(uint256(int256(tick)))) << 160) | s...
   |                                                                                           ^^^^^^^^^^^^^^^^^^^^^^^^^^^^^
   |
   = note: consider disabling this lint if you're certain the cast is safe
           
           // casting to 'uint24' is safe because [explain why]
           // forge-lint: disable-next-line(unsafe-typecast)
           
           
   = help: https://book.getfoundry.sh/reference/forge/forge-lint#unsafe-typecast

warning[unsafe-typecast]: typecasts that can truncate values should be checked
  --> test/IdleLiquidityHookEnterprise.offline_minimal.t.sol:24:100
   |
24 | ...   uint256 packed = (uint256(lpFee) << 208) | (uint256(protocolFee) << 184) | (uint256(uint24(uint256(int256(tick)))) << 160) | s...
   |                                                                                                  ^^^^^^^^^^^^^^^^^^^^^
   |
   = note: consider disabling this lint if you're certain the cast is safe
           
           // casting to 'uint256' is safe because [explain why]
           // forge-lint: disable-next-line(unsafe-typecast)
           
           
   = help: https://book.getfoundry.sh/reference/forge/forge-lint#unsafe-typecast

note[unaliased-plain-import]: use named imports '{A, B}' or alias 'import ".." as X'
 --> test/IdleLiquidityHookEnterprise.fuzz.t.sol:5:8
  |
5 | import "../src/hooks/IdleLiquidityHookEnterprise.sol";
  |        ^^^^^^^^^^^^^^^^^^^^^^^^^^^^^^^^^^^^^^^^^^^^^^
  |
  = help: https://book.getfoundry.sh/reference/forge/forge-lint#unaliased-plain-import

note[unused-import]: unused imports should be removed
  --> test/IdleLiquidityHook.fullFlow.t.sol:15:9
   |
15 | import {StateLibrary} from "@uniswap/v4-core/src/libraries/StateLibrary.sol";
   |         ^^^^^^^^^^^^
   |
   = help: https://book.getfoundry.sh/reference/forge/forge-lint#unused-import

warning[unsafe-typecast]: typecasts that can truncate values should be checked
  --> test/IdleLiquidityHook.fullFlow.t.sol:27:31
   |
27 |         uint128 l = liq > 0 ? uint128(uint256(liq)) : 0;
   |                               ^^^^^^^^^^^^^^^^^^^^^
   |
   = note: consider disabling this lint if you're certain the cast is safe
           
           // casting to 'uint128' is safe because [explain why]
           // forge-lint: disable-next-line(unsafe-typecast)
           
           
   = help: https://book.getfoundry.sh/reference/forge/forge-lint#unsafe-typecast

warning[unsafe-typecast]: typecasts that can truncate values should be checked
  --> test/IdleLiquidityHook.fullFlow.t.sol:27:39
   |
27 |         uint128 l = liq > 0 ? uint128(uint256(liq)) : 0;
   |                                       ^^^^^^^^^^^^
   |
   = note: consider disabling this lint if you're certain the cast is safe
           
           // casting to 'uint256' is safe because [explain why]
           // forge-lint: disable-next-line(unsafe-typecast)
           
           
   = help: https://book.getfoundry.sh/reference/forge/forge-lint#unsafe-typecast

warning[unsafe-typecast]: typecasts that can truncate values should be checked
  --> test/IdleLiquidityHook.fullFlow.t.sol:53:54
   |
53 | ...   uint256 absTick = uint256(currentTick >= 0 ? uint256(uint24(uint256(int256(currentTick)))) : uint256(uint24(uint256(int256(-cu...
   |                                                    ^^^^^^^^^^^^^^^^^^^^^^^^^^^^^^^^^^^^^^^^^^^^^
   |
   = note: consider disabling this lint if you're certain the cast is safe
           
           // casting to 'uint256' is safe because [explain why]
           // forge-lint: disable-next-line(unsafe-typecast)
           
           
   = help: https://book.getfoundry.sh/reference/forge/forge-lint#unsafe-typecast

warning[unsafe-typecast]: typecasts that can truncate values should be checked
  --> test/IdleLiquidityHook.fullFlow.t.sol:53:62
   |
53 | ...   uint256 absTick = uint256(currentTick >= 0 ? uint256(uint24(uint256(int256(currentTick)))) : uint256(uint24(uint256(int256(-cu...
   |                                                            ^^^^^^^^^^^^^^^^^^^^^^^^^^^^^^^^^^^^
   |
   = note: consider disabling this lint if you're certain the cast is safe
           
           // casting to 'uint24' is safe because [explain why]
           // forge-lint: disable-next-line(unsafe-typecast)
           
           
   = help: https://book.getfoundry.sh/reference/forge/forge-lint#unsafe-typecast

warning[unsafe-typecast]: typecasts that can truncate values should be checked
  --> test/IdleLiquidityHook.fullFlow.t.sol:53:69
   |
53 | ...   uint256 absTick = uint256(currentTick >= 0 ? uint256(uint24(uint256(int256(currentTick)))) : uint256(uint24(uint256(int256(-cu...
   |                                                                   ^^^^^^^^^^^^^^^^^^^^^^^^^^^^
   |
   = note: consider disabling this lint if you're certain the cast is safe
           
           // casting to 'uint256' is safe because [explain why]
           // forge-lint: disable-next-line(unsafe-typecast)
           
           
   = help: https://book.getfoundry.sh/reference/forge/forge-lint#unsafe-typecast

warning[unsafe-typecast]: typecasts that can truncate values should be checked
  --> test/IdleLiquidityHook.fullFlow.t.sol:53:102
   |
53 | ...(uint24(uint256(int256(currentTick)))) : uint256(uint24(uint256(int256(-currentTick)))));
   |                                             ^^^^^^^^^^^^^^^^^^^^^^^^^^^^^^^^^^^^^^^^^^^^^^
   |
   = note: consider disabling this lint if you're certain the cast is safe
           
           // casting to 'uint256' is safe because [explain why]
           // forge-lint: disable-next-line(unsafe-typecast)
           
           
   = help: https://book.getfoundry.sh/reference/forge/forge-lint#unsafe-typecast

warning[unsafe-typecast]: typecasts that can truncate values should be checked
  --> test/IdleLiquidityHook.fullFlow.t.sol:53:110
   |
53 | ...t24(uint256(int256(currentTick)))) : uint256(uint24(uint256(int256(-currentTick)))));
   |                                                 ^^^^^^^^^^^^^^^^^^^^^^^^^^^^^^^^^^^^^
   |
   = note: consider disabling this lint if you're certain the cast is safe
           
           // casting to 'uint24' is safe because [explain why]
           // forge-lint: disable-next-line(unsafe-typecast)
           
           
   = help: https://book.getfoundry.sh/reference/forge/forge-lint#unsafe-typecast

warning[unsafe-typecast]: typecasts that can truncate values should be checked
  --> test/IdleLiquidityHook.fullFlow.t.sol:53:117
   |
53 | ...(uint256(int256(currentTick)))) : uint256(uint24(uint256(int256(-currentTick)))));
   |                                                     ^^^^^^^^^^^^^^^^^^^^^^^^^^^^^
   |
   = note: consider disabling this lint if you're certain the cast is safe
           
           // casting to 'uint256' is safe because [explain why]
           // forge-lint: disable-next-line(unsafe-typecast)
           
           
   = help: https://book.getfoundry.sh/reference/forge/forge-lint#unsafe-typecast

warning[unsafe-typecast]: typecasts that can truncate values should be checked
  --> test/IdleLiquidityHook.fullFlow.t.sol:55:17
   |
55 |         return (uint160(sqrtPriceX), currentTick, uint24(0), uint24(3000));
   |                 ^^^^^^^^^^^^^^^^^^^
   |
   = note: consider disabling this lint if you're certain the cast is safe
           
           // casting to 'uint160' is safe because [explain why]
           // forge-lint: disable-next-line(unsafe-typecast)
           
           
   = help: https://book.getfoundry.sh/reference/forge/forge-lint#unsafe-typecast

warning[unsafe-typecast]: typecasts that can truncate values should be checked
  --> test/IdleLiquidityHook.fullFlow.t.sol:63:54
   |
63 | ...   uint256 absTick = uint256(currentTick >= 0 ? uint256(uint24(uint256(int256(currentTick)))) : uint256(uint24(uint256(int256(-cu...
   |                                                    ^^^^^^^^^^^^^^^^^^^^^^^^^^^^^^^^^^^^^^^^^^^^^
   |
   = note: consider disabling this lint if you're certain the cast is safe
           
           // casting to 'uint256' is safe because [explain why]
           // forge-lint: disable-next-line(unsafe-typecast)
           
           
   = help: https://book.getfoundry.sh/reference/forge/forge-lint#unsafe-typecast

warning[unsafe-typecast]: typecasts that can truncate values should be checked
  --> test/IdleLiquidityHook.fullFlow.t.sol:63:62
   |
63 | ...   uint256 absTick = uint256(currentTick >= 0 ? uint256(uint24(uint256(int256(currentTick)))) : uint256(uint24(uint256(int256(-cu...
   |                                                            ^^^^^^^^^^^^^^^^^^^^^^^^^^^^^^^^^^^^
   |
   = note: consider disabling this lint if you're certain the cast is safe
           
           // casting to 'uint24' is safe because [explain why]
           // forge-lint: disable-next-line(unsafe-typecast)
           
           
   = help: https://book.getfoundry.sh/reference/forge/forge-lint#unsafe-typecast

warning[unsafe-typecast]: typecasts that can truncate values should be checked
  --> test/IdleLiquidityHook.fullFlow.t.sol:63:69
   |
63 | ...   uint256 absTick = uint256(currentTick >= 0 ? uint256(uint24(uint256(int256(currentTick)))) : uint256(uint24(uint256(int256(-cu...
   |                                                                   ^^^^^^^^^^^^^^^^^^^^^^^^^^^^
   |
   = note: consider disabling this lint if you're certain the cast is safe
           
           // casting to 'uint256' is safe because [explain why]
           // forge-lint: disable-next-line(unsafe-typecast)
           
           
   = help: https://book.getfoundry.sh/reference/forge/forge-lint#unsafe-typecast

warning[unsafe-typecast]: typecasts that can truncate values should be checked
  --> test/IdleLiquidityHook.fullFlow.t.sol:63:102
   |
63 | ...(uint24(uint256(int256(currentTick)))) : uint256(uint24(uint256(int256(-currentTick)))));
   |                                             ^^^^^^^^^^^^^^^^^^^^^^^^^^^^^^^^^^^^^^^^^^^^^^
   |
   = note: consider disabling this lint if you're certain the cast is safe
           
           // casting to 'uint256' is safe because [explain why]
           // forge-lint: disable-next-line(unsafe-typecast)
           
           
   = help: https://book.getfoundry.sh/reference/forge/forge-lint#unsafe-typecast

warning[unsafe-typecast]: typecasts that can truncate values should be checked
  --> test/IdleLiquidityHook.fullFlow.t.sol:63:110
   |
63 | ...t24(uint256(int256(currentTick)))) : uint256(uint24(uint256(int256(-currentTick)))));
   |                                                 ^^^^^^^^^^^^^^^^^^^^^^^^^^^^^^^^^^^^^
   |
   = note: consider disabling this lint if you're certain the cast is safe
           
           // casting to 'uint24' is safe because [explain why]
           // forge-lint: disable-next-line(unsafe-typecast)
           
           
   = help: https://book.getfoundry.sh/reference/forge/forge-lint#unsafe-typecast

warning[unsafe-typecast]: typecasts that can truncate values should be checked
  --> test/IdleLiquidityHook.fullFlow.t.sol:63:117
   |
63 | ...(uint256(int256(currentTick)))) : uint256(uint24(uint256(int256(-currentTick)))));
   |                                                     ^^^^^^^^^^^^^^^^^^^^^^^^^^^^^
   |
   = note: consider disabling this lint if you're certain the cast is safe
           
           // casting to 'uint256' is safe because [explain why]
           // forge-lint: disable-next-line(unsafe-typecast)
           
           
   = help: https://book.getfoundry.sh/reference/forge/forge-lint#unsafe-typecast

warning[unsafe-typecast]: typecasts that can truncate values should be checked
  --> test/IdleLiquidityHook.fullFlow.t.sol:65:29
   |
65 |         uint256 tickPart = (uint256(uint24(uint256(int256(currentTick)))) << 160);
   |                             ^^^^^^^^^^^^^^^^^^^^^^^^^^^^^^^^^^^^^^^^^^^^^
   |
   = note: consider disabling this lint if you're certain the cast is safe
           
           // casting to 'uint256' is safe because [explain why]
           // forge-lint: disable-next-line(unsafe-typecast)
           
           
   = help: https://book.getfoundry.sh/reference/forge/forge-lint#unsafe-typecast

warning[unsafe-typecast]: typecasts that can truncate values should be checked
  --> test/IdleLiquidityHook.fullFlow.t.sol:65:37
   |
65 |         uint256 tickPart = (uint256(uint24(uint256(int256(currentTick)))) << 160);
   |                                     ^^^^^^^^^^^^^^^^^^^^^^^^^^^^^^^^^^^^
   |
   = note: consider disabling this lint if you're certain the cast is safe
           
           // casting to 'uint24' is safe because [explain why]
           // forge-lint: disable-next-line(unsafe-typecast)
           
           
   = help: https://book.getfoundry.sh/reference/forge/forge-lint#unsafe-typecast

warning[unsafe-typecast]: typecasts that can truncate values should be checked
  --> test/IdleLiquidityHook.fullFlow.t.sol:65:44
   |
65 |         uint256 tickPart = (uint256(uint24(uint256(int256(currentTick)))) << 160);
   |                                            ^^^^^^^^^^^^^^^^^^^^^^^^^^^^
   |
   = note: consider disabling this lint if you're certain the cast is safe
           
           // casting to 'uint256' is safe because [explain why]
           // forge-lint: disable-next-line(unsafe-typecast)
           
           
   = help: https://book.getfoundry.sh/reference/forge/forge-lint#unsafe-typecast

Error: Lint failed

Context:
- solar run failed
